<?xml version="1.0" encoding="UTF-8"?>
<testng-results ignored="0" total="1" passed="1" failed="0" skipped="0">
  <reporter-output>
  </reporter-output>
  <suite started-at="2022-08-18T23:52:48 IST" name="Suite" finished-at="2022-08-18T23:52:57 IST" duration-ms="8926">
    <groups>
    </groups>
    <test started-at="2022-08-18T23:52:48 IST" name="Test" finished-at="2022-08-18T23:52:57 IST" duration-ms="8926">
      <class name="testscripts.regression.ValidateLogin">
        <test-method is-config="true" signature="fileSetUp()[pri:0, instance:testscripts.regression.ValidateLogin@3d5c822d]" started-at="2022-08-18T23:52:48 IST" name="fileSetUp" finished-at="2022-08-18T23:52:48 IST" duration-ms="9" status="PASS">
          <reporter-output>
          </reporter-output>
        </test-method> <!-- fileSetUp -->
        <test-method is-config="true" signature="setUp()[pri:0, instance:testscripts.regression.ValidateLogin@3d5c822d]" started-at="2022-08-18T23:52:48 IST" name="setUp" finished-at="2022-08-18T23:52:56 IST" duration-ms="7802" status="PASS">
          <reporter-output>
          </reporter-output>
        </test-method> <!-- setUp -->
        <test-method signature="validateLoginTest()[pri:0, instance:testscripts.regression.ValidateLogin@3d5c822d]" started-at="2022-08-18T23:52:56 IST" name="validateLoginTest" finished-at="2022-08-18T23:52:57 IST" duration-ms="971" status="PASS">
          <reporter-output>
          </reporter-output>
        </test-method> <!-- validateLoginTest -->
        <test-method is-config="true" signature="tearDown()[pri:0, instance:testscripts.regression.ValidateLogin@3d5c822d]" started-at="2022-08-18T23:52:57 IST" name="tearDown" finished-at="2022-08-18T23:52:57 IST" duration-ms="100" status="PASS">
          <reporter-output>
          </reporter-output>
        </test-method> <!-- tearDown -->
      </class> <!-- testscripts.regression.ValidateLogin -->
    </test> <!-- Test -->
  </suite> <!-- Suite -->
</testng-results>
